lib-upgrade/build/intermediates/manifest_merge_blame_file/debug/manifest-merger-blame-debug-report.txt
1<?xml version="1.0" encoding="utf-8"?>
2<!--
3  ~ ************************************************************************************************
4  ~ * Copyright 2016-2018 Qualcomm Technologies International, Ltd.                                *
5  ~ * © 2022 Qualcomm Technologies, Inc. and/or its subsidiaries. All rights reserved.             *
6  ~ ************************************************************************************************
7-->
8<manifest xmlns:android="http://schemas.android.com/apk/res/android"
9    package="com.qualcomm.qti.libraries.upgrade" >
10
11    <uses-sdk
12        android:minSdkVersion="19"
12-->src\main\AndroidManifest.xml
13        android:targetSdkVersion="33" />
13-->src\main\AndroidManifest.xml
14
15    <application
15-->src\main\AndroidManifest.xml:10:5-15:19
16        android:allowBackup="true"
16-->src\main\AndroidManifest.xml:10:18-44
17        android:label="@string/app_name"
17-->src\main\AndroidManifest.xml:11:9-41
18        android:supportsRtl="true" >
18-->src\main\AndroidManifest.xml:12:9-35
19    </application>
20
21</manifest>